1543915899727	mozrunner::runner	INFO	Running command: "/usr/bin/firefox" "-marionette" "-foreground" "-no-remote" "-profile" "/tmp/rust_mozprofile.EIxUJDxFlACA"
1543915901430	Marionette	INFO	Listening on port 33309
1543915901442	Marionette	WARN	TLS certificate errors will be ignored for this session
JavaScript warning: http://d2.yiche.com/js/senseNew.js, line 389: unreachable code after return statement
JavaScript warning: http://d2.yiche.com/js/senseNew.js, line 904: unreachable code after return statement
console.error: BroadcastService: 
  receivedBroadcastMessage: handler for
  remote-settings/monitor_changes
  threw error:
  Message: Error: Polling for changes failed: NetworkError when attempting to fetch resource..
  Stack:
    remoteSettingsFunction/remoteSettings.pollChanges@resource://services-settings/remote-settings.js:721:13

1543916741944	Marionette	INFO	Stopped listening on port 33309
[Parent 19834, Gecko_IOThread] WARNING: pipe error (78): 连接被对方重设: file /build/firefox-JcIUVH/firefox-63.0.3+build1/ipc/chromium/src/chrome/common/ipc_channel_posix.cc, line 356
[Child 19976, Chrome_ChildThread] WARNING: pipe error: 断开的管道: file /build/firefox-JcIUVH/firefox-63.0.3+build1/ipc/chromium/src/chrome/common/ipc_channel_posix.cc, line 729
[Child 19976, Chrome_ChildThread] WARNING: pipe error: 断开的管道: file /build/firefox-JcIUVH/firefox-63.0.3+build1/ipc/chromium/src/chrome/common/ipc_channel_posix.cc, line 729
[Child 19976, Chrome_ChildThread] WARNING: pipe error: 断开的管道: file /build/firefox-JcIUVH/firefox-63.0.3+build1/ipc/chromium/src/chrome/common/ipc_channel_posix.cc, line 729
[Child 19976, Chrome_ChildThread] WARNING: pipe error: 断开的管道: file /build/firefox-JcIUVH/firefox-63.0.3+build1/ipc/chromium/src/chrome/common/ipc_channel_posix.cc, line 729
[Child 19976, Chrome_ChildThread] WARNING: pipe error: 断开的管道: file /build/firefox-JcIUVH/firefox-63.0.3+build1/ipc/chromium/src/chrome/common/ipc_channel_posix.cc, line 729
[Child 19976, Chrome_ChildThread] WARNING: pipe error: 断开的管道: file /build/firefox-JcIUVH/firefox-63.0.3+build1/ipc/chromium/src/chrome/common/ipc_channel_posix.cc, line 729
